Starting Monte Carlo Sampling...

Current time: Wed Jul  5 17:40:48 2023 

Variation: All
Sampling Method: Low-Discrepancy Sequence
Seed: 12345

MonteCarlo.25
Number of points completed: 100
Number of simulation errors: 15
MonteCarlo.25 completed. 
Current time: Wed Jul  5 18:46:07 2023 
Monte Carlo Sampling yield summary:
Number of spec values are in this yield data: 10
LowPower_28_R2Rcomparator_offset_TB_V0_1	MC - 
	Offset_N:	Yield	100%
		Min -0.01735	Max 0.0221	Mean -1.45e-05	Number of errors 0
LowPower_28_R2Rcomparator_offset_TB_V0_1	MC - 
	Offset_P:	Yield	100%
		Min -0.0172	Max 0.0134	Mean -4e-05	Number of errors 0
LowPower_28_R2Rcomparator_offset_TB_V0_1	MC - 
	Offset_R:	Yield	95%
		Min -0.0226	Max 0.0218	Mean 0.000155789	Number of errors 5
LowPower_28_R2Rcomparator_offset_TB_V0_1	MC - 
	Offsetf_N:	Yield	100%
		Min -0.01735	Max 0.02225	Mean -0.000103	Number of errors 0
LowPower_28_R2Rcomparator_offset_TB_V0_1	MC - 
	Offsetf_P:	Yield	100%
		Min -0.01735	Max 0.01325	Mean -0.000187	Number of errors 0
LowPower_28_R2Rcomparator_offset_TB_V0_1	MC - 
	Offsetf_R:	Yield	95%
		Min -0.02245	Max 0.02195	Mean 0.000305789	Number of errors 5
LowPower_28_R2Rcomparator_offset_TB_V0_1	MC - 
	Offsetr_N:	Yield	100%
		Min -0.01735	Max 0.02195	Mean 7.4e-05	Number of errors 0
LowPower_28_R2Rcomparator_offset_TB_V0_1	MC - 
	Offsetr_P:	Yield	100%
		Min -0.01705	Max 0.01355	Mean 0.000107	Number of errors 0
LowPower_28_R2Rcomparator_offset_TB_V0_1	MC - 
	Offsetr_R:	Yield	95%
		Min -0.02275	Max 0.02165	Mean 5.78947e-06	Number of errors 5
LowPower_28_R2Rcomparator_offset_TB_V0_1	MC - 
	v /In0; tran (V):	Yield	0%
		Min 0	Max 0	Mean 0	Number of errors 0

LowPower_28_R2Rcomparator_offset_TB_V0_1
	Overall Yield	100%	Number of points passed	100	Total number of points	100

Estimated yield = 100% (100/100), 5 errors
Estimated yield (No opregions) = 100% (100/100)
