Starting Monte Carlo Sampling...

Current time: Sat Jul  8 16:00:05 2023 

Variation: Mismatch
Sampling Method: Low-Discrepancy Sequence
Seed: 12345

MonteCarlo.28
Number of points completed: 10
Number of simulation errors: 0
MonteCarlo.28 completed. 
Current time: Sat Jul  8 16:07:28 2023 
Monte Carlo Sampling yield summary:
Number of spec values are in this yield data: 10
LowPower_28_R2Rcomparator_offset_TB_V0_1	MC - 
	Offset_N:	Yield	100%
		Min -0.01	Max 0.01265	Mean -5.5e-05	Number of errors 0
LowPower_28_R2Rcomparator_offset_TB_V0_1	MC - 
	Offset_P:	Yield	100%
		Min -0.0091	Max 0.0083	Mean -0.001375	Number of errors 0
LowPower_28_R2Rcomparator_offset_TB_V0_1	MC - 
	Offset_R:	Yield	100%
		Min -0.0133	Max 0.0167	Mean -0.001795	Number of errors 0
LowPower_28_R2Rcomparator_offset_TB_V0_1	MC - 
	Offsetf_N:	Yield	100%
		Min -0.01015	Max 0.01265	Mean -0.00019	Number of errors 0
LowPower_28_R2Rcomparator_offset_TB_V0_1	MC - 
	Offsetf_P:	Yield	100%
		Min -0.00925	Max 0.00815	Mean -0.00148	Number of errors 0
LowPower_28_R2Rcomparator_offset_TB_V0_1	MC - 
	Offsetf_R:	Yield	100%
		Min -0.01345	Max 0.01655	Mean -0.00193	Number of errors 0
LowPower_28_R2Rcomparator_offset_TB_V0_1	MC - 
	Offsetr_N:	Yield	100%
		Min -0.00985	Max 0.01265	Mean 8e-05	Number of errors 0
LowPower_28_R2Rcomparator_offset_TB_V0_1	MC - 
	Offsetr_P:	Yield	100%
		Min -0.00895	Max 0.00845	Mean -0.00127	Number of errors 0
LowPower_28_R2Rcomparator_offset_TB_V0_1	MC - 
	Offsetr_R:	Yield	100%
		Min -0.01315	Max 0.01685	Mean -0.00166	Number of errors 0
LowPower_28_R2Rcomparator_offset_TB_V0_1	MC - 
	v /In0; tran (V):	Yield	0%
		Min 0	Max 0	Mean 0	Number of errors 0

LowPower_28_R2Rcomparator_offset_TB_V0_1
	Overall Yield	100%	Number of points passed	10	Total number of points	10

Estimated yield = 100% (10/10), 0 errors
Estimated yield (No opregions) = 100% (10/10)
