Starting Monte Carlo Sampling...

Current time: Sat Jul  8 16:43:26 2023 

Variation: All
Sampling Method: Low-Discrepancy Sequence
Seed: 12345

MonteCarlo.30
Number of points completed: 100
Number of simulation errors: 0
MonteCarlo.30 completed. 
Current time: Sat Jul  8 17:35:13 2023 
Monte Carlo Sampling yield summary:
Number of spec values are in this yield data: 10
LowPower_28_R2Rcomparator_offset_TB_V0_1	MC - 
	Offset_N:	Yield	100%
		Min -0.01	Max 0.0164	Mean -3.25e-05	Number of errors 0
LowPower_28_R2Rcomparator_offset_TB_V0_1	MC - 
	Offset_P:	Yield	100%
		Min -0.0172	Max 0.0143	Mean -4.9e-05	Number of errors 0
LowPower_28_R2Rcomparator_offset_TB_V0_1	MC - 
	Offset_R:	Yield	100%
		Min -0.02005	Max 0.0194	Mean 0.000329	Number of errors 0
LowPower_28_R2Rcomparator_offset_TB_V0_1	MC - 
	Offsetf_N:	Yield	100%
		Min -0.01015	Max 0.01625	Mean -0.000175	Number of errors 0
LowPower_28_R2Rcomparator_offset_TB_V0_1	MC - 
	Offsetf_P:	Yield	100%
		Min -0.01735	Max 0.01415	Mean -0.000187	Number of errors 0
LowPower_28_R2Rcomparator_offset_TB_V0_1	MC - 
	Offsetf_R:	Yield	100%
		Min -0.02005	Max 0.01925	Mean 0.000185	Number of errors 0
LowPower_28_R2Rcomparator_offset_TB_V0_1	MC - 
	Offsetr_N:	Yield	100%
		Min -0.00985	Max 0.01655	Mean 0.00011	Number of errors 0
LowPower_28_R2Rcomparator_offset_TB_V0_1	MC - 
	Offsetr_P:	Yield	100%
		Min -0.01705	Max 0.01445	Mean 8.9e-05	Number of errors 0
LowPower_28_R2Rcomparator_offset_TB_V0_1	MC - 
	Offsetr_R:	Yield	100%
		Min -0.02005	Max 0.01955	Mean 0.000473	Number of errors 0
LowPower_28_R2Rcomparator_offset_TB_V0_1	MC - 
	v /In0; tran (V):	Yield	0%
		Min 0	Max 0	Mean 0	Number of errors 0

LowPower_28_R2Rcomparator_offset_TB_V0_1
	Overall Yield	100%	Number of points passed	100	Total number of points	100

Estimated yield = 100% (100/100), 0 errors
Estimated yield (No opregions) = 100% (100/100)
