Starting Monte Carlo Sampling...

Current time: Wed Jul  5 18:55:11 2023 

Variation: All
Sampling Method: Low-Discrepancy Sequence
Seed: 12345

MonteCarlo.26
Number of points completed: 100
Number of simulation errors: 36
MonteCarlo.26 completed. 
Current time: Wed Jul  5 20:08:01 2023 
Monte Carlo Sampling yield summary:
Number of spec values are in this yield data: 10
LowPower_28_R2Rcomparator_offset_TB_V0_1	MC - 
	Offset_N:	Yield	98%
		Min -0.02125	Max 0.02225	Mean 1.02041e-05	Number of errors 2
LowPower_28_R2Rcomparator_offset_TB_V0_1	MC - 
	Offset_P:	Yield	100%
		Min -0.0172	Max 0.0134	Mean -7.15e-05	Number of errors 0
LowPower_28_R2Rcomparator_offset_TB_V0_1	MC - 
	Offset_R:	Yield	90%
		Min -0.0226	Max 0.0221	Mean -0.000273333	Number of errors 10
LowPower_28_R2Rcomparator_offset_TB_V0_1	MC - 
	Offsetf_N:	Yield	98%
		Min -0.02125	Max 0.02225	Mean -4.79592e-05	Number of errors 2
LowPower_28_R2Rcomparator_offset_TB_V0_1	MC - 
	Offsetf_P:	Yield	100%
		Min -0.01735	Max 0.01325	Mean -0.000214	Number of errors 0
LowPower_28_R2Rcomparator_offset_TB_V0_1	MC - 
	Offsetf_R:	Yield	90%
		Min -0.02245	Max 0.02225	Mean -0.000123333	Number of errors 10
LowPower_28_R2Rcomparator_offset_TB_V0_1	MC - 
	Offsetr_N:	Yield	98%
		Min -0.02125	Max 0.02225	Mean 6.83673e-05	Number of errors 2
LowPower_28_R2Rcomparator_offset_TB_V0_1	MC - 
	Offsetr_P:	Yield	100%
		Min -0.01705	Max 0.01355	Mean 7.1e-05	Number of errors 0
LowPower_28_R2Rcomparator_offset_TB_V0_1	MC - 
	Offsetr_R:	Yield	90%
		Min -0.02275	Max 0.02195	Mean -0.000423333	Number of errors 10
LowPower_28_R2Rcomparator_offset_TB_V0_1	MC - 
	v /In0; tran (V):	Yield	0%
		Min 0	Max 0	Mean 0	Number of errors 0

LowPower_28_R2Rcomparator_offset_TB_V0_1
	Overall Yield	100%	Number of points passed	100	Total number of points	100

Estimated yield = 100% (100/100), 11 errors
Estimated yield (No opregions) = 100% (100/100)
