Starting Monte Carlo Sampling...

Current time: Sat Jul  8 16:33:55 2023 

Variation: Mismatch
Sampling Method: Low-Discrepancy Sequence
Seed: 12345

MonteCarlo.29
Number of points completed: 10
Number of simulation errors: 10
MonteCarlo.29 completed. 
Current time: Sat Jul  8 16:34:16 2023 
Monte Carlo Sampling yield summary:
Number of spec values are in this yield data: 10
LowPower_28_R2Rcomparator_offset_TB_V0_1	MC - 
	Offset_N:	Yield	0%
		Min 0	Max 0	Mean 0	Number of errors 10
LowPower_28_R2Rcomparator_offset_TB_V0_1	MC - 
	Offset_P:	Yield	0%
		Min 0	Max 0	Mean 0	Number of errors 10
LowPower_28_R2Rcomparator_offset_TB_V0_1	MC - 
	Offset_R:	Yield	0%
		Min 0	Max 0	Mean 0	Number of errors 10
LowPower_28_R2Rcomparator_offset_TB_V0_1	MC - 
	Offsetf_N:	Yield	0%
		Min 0	Max 0	Mean 0	Number of errors 10
LowPower_28_R2Rcomparator_offset_TB_V0_1	MC - 
	Offsetf_P:	Yield	0%
		Min 0	Max 0	Mean 0	Number of errors 10
LowPower_28_R2Rcomparator_offset_TB_V0_1	MC - 
	Offsetf_R:	Yield	0%
		Min 0	Max 0	Mean 0	Number of errors 10
LowPower_28_R2Rcomparator_offset_TB_V0_1	MC - 
	Offsetr_N:	Yield	0%
		Min 0	Max 0	Mean 0	Number of errors 10
LowPower_28_R2Rcomparator_offset_TB_V0_1	MC - 
	Offsetr_P:	Yield	0%
		Min 0	Max 0	Mean 0	Number of errors 10
LowPower_28_R2Rcomparator_offset_TB_V0_1	MC - 
	Offsetr_R:	Yield	0%
		Min 0	Max 0	Mean 0	Number of errors 10
LowPower_28_R2Rcomparator_offset_TB_V0_1	MC - 
	v /In0; tran (V):	Yield	0%
		Min 0	Max 0	Mean 0	Number of errors 10

LowPower_28_R2Rcomparator_offset_TB_V0_1
	Overall Yield	0%	Number of points passed	0	Total number of points	10

Estimated yield = 0% (0/10), 10 errors
Estimated yield (No opregions) = 0% (0/10)
